<?xml version="1.0" encoding="UTF-8"?>
<!-- Generated by org.testng.reporters.JUnitXMLReporter -->
<testsuite hostname="Sam-PC" name="RegressionTest" tests="4" failures="0" timestamp="13 Apr 2018 05:52:05 GMT" time="101.683" errors="0">
  <testcase name="testHomePage" time="12.757" classname="testcases.CaptureVerifyLoginPageWithReport1"/>
  <testcase name="testHomePage" time="12.865" classname="testcases.VerifyLoginPage"/>
  <testcase name="testHomePage" time="13.282" classname="testcases.VerifyLoginPageWithReport"/>
  <testcase name="testHomePage" time="5.41" classname="testcases.VerifyHomePage"/>
</testsuite> <!-- RegressionTest -->
